c:\users\дима\documents\visual studio 2015\projects\snake-game-master\snake\debug\snake.pch
c:\users\дима\documents\visual studio 2015\projects\snake-game-master\snake\debug\vc140.pdb
c:\users\дима\documents\visual studio 2015\projects\snake-game-master\snake\debug\vc140.idb
c:\users\дима\documents\visual studio 2015\projects\snake-game-master\snake\debug\stdafx.obj
c:\users\дима\documents\visual studio 2015\projects\snake-game-master\snake\debug\csnake.obj
c:\users\дима\documents\visual studio 2015\projects\snake-game-master\snake\debug\cwzdsplash.obj
c:\users\дима\documents\visual studio 2015\projects\snake-game-master\snake\debug\mainfrm.obj
c:\users\дима\documents\visual studio 2015\projects\snake-game-master\snake\debug\snake.obj
c:\users\дима\documents\visual studio 2015\projects\snake-game-master\snake\debug\snakeview.obj
c:\users\дима\documents\visual studio 2015\projects\snake-game-master\snake\debug\snakedoc.obj
c:\users\дима\documents\visual studio 2015\projects\snake-game-master\debug\snake.ilk
c:\users\дима\documents\visual studio 2015\projects\snake-game-master\debug\snake.exe
c:\users\дима\documents\visual studio 2015\projects\snake-game-master\debug\snake.pdb
c:\users\дима\documents\visual studio 2015\projects\snake-game-master\snake\debug\snake.res
c:\users\дима\documents\visual studio 2015\projects\snake-game-master\snake\debug\snake.tlog\cl.command.1.tlog
c:\users\дима\documents\visual studio 2015\projects\snake-game-master\snake\debug\snake.tlog\cl.read.1.tlog
c:\users\дима\documents\visual studio 2015\projects\snake-game-master\snake\debug\snake.tlog\cl.write.1.tlog
c:\users\дима\documents\visual studio 2015\projects\snake-game-master\snake\debug\snake.tlog\link.command.1.tlog
c:\users\дима\documents\visual studio 2015\projects\snake-game-master\snake\debug\snake.tlog\link.read.1.tlog
c:\users\дима\documents\visual studio 2015\projects\snake-game-master\snake\debug\snake.tlog\link.write.1.tlog
c:\users\дима\documents\visual studio 2015\projects\snake-game-master\snake\debug\snake.tlog\rc.command.1.tlog
c:\users\дима\documents\visual studio 2015\projects\snake-game-master\snake\debug\snake.tlog\rc.read.1.tlog
c:\users\дима\documents\visual studio 2015\projects\snake-game-master\snake\debug\snake.tlog\rc.write.1.tlog
